2016-11-22 14:03:11.826  INFO 511 --- [main] edu.mum.ea.BankingApplication            : Starting BankingApplication on Bijays-MacBook-Pro.local with PID 511 (/Users/bijayregmi/Documents/ea-project/ea-database/target/classes started by bijayregmi in /Users/bijayregmi/Documents/ea-project/ea-database)
2016-11-22 14:03:11.836  INFO 511 --- [main] edu.mum.ea.BankingApplication            : No active profile set, falling back to default profiles: default
2016-11-22 14:03:11.986  INFO 511 --- [main] ationConfigEmbeddedWebApplicationContext : Refreshing org.springframework.boot.context.embedded.AnnotationConfigEmbeddedWebApplicationContext@443118b0: startup date [Tue Nov 22 14:03:11 CST 2016]; root of context hierarchy
2016-11-22 14:03:13.985  INFO 511 --- [main] trationDelegate$BeanPostProcessorChecker : Bean 'org.springframework.ws.config.annotation.DelegatingWsConfiguration' of type [class org.springframework.ws.config.annotation.DelegatingWsConfiguration$$EnhancerBySpringCGLIB$$2784c113] is not eligible for getting processed by all BeanPostProcessors (for example: not eligible for auto-proxying)
2016-11-22 14:03:14.024  INFO 511 --- [main] .w.s.a.s.AnnotationActionEndpointMapping : Supporting [WS-Addressing August 2004, WS-Addressing 1.0]
2016-11-22 14:03:14.133  INFO 511 --- [main] trationDelegate$BeanPostProcessorChecker : Bean 'org.springframework.transaction.annotation.ProxyTransactionManagementConfiguration' of type [class org.springframework.transaction.annotation.ProxyTransactionManagementConfiguration$$EnhancerBySpringCGLIB$$82ecfc14] is not eligible for getting processed by all BeanPostProcessors (for example: not eligible for auto-proxying)
2016-11-22 14:03:14.899  INFO 511 --- [main] s.b.c.e.t.TomcatEmbeddedServletContainer : Tomcat initialized with port(s): 8009 (http)
2016-11-22 14:03:14.922  INFO 511 --- [main] o.apache.catalina.core.StandardService   : Starting service Tomcat
2016-11-22 14:03:14.924  INFO 511 --- [main] org.apache.catalina.core.StandardEngine  : Starting Servlet Engine: Apache Tomcat/8.5.6
2016-11-22 14:03:15.320  INFO 511 --- [localhost-startStop-1] org.apache.jasper.servlet.TldScanner     : At least one JAR was scanned for TLDs yet contained no TLDs. Enable debug logging for this logger for a complete list of JARs that were scanned but no TLDs were found in them. Skipping unneeded JARs during scanning can improve startup time and JSP compilation time.
2016-11-22 14:03:15.325  INFO 511 --- [localhost-startStop-1] o.a.c.c.C.[Tomcat].[localhost].[/]       : Initializing Spring embedded WebApplicationContext
2016-11-22 14:03:15.326  INFO 511 --- [localhost-startStop-1] o.s.web.context.ContextLoader            : Root WebApplicationContext: initialization completed in 3352 ms
2016-11-22 14:03:15.614  INFO 511 --- [localhost-startStop-1] o.s.b.w.servlet.FilterRegistrationBean   : Mapping filter: 'characterEncodingFilter' to: [/*]
2016-11-22 14:03:15.614  INFO 511 --- [localhost-startStop-1] o.s.b.w.servlet.FilterRegistrationBean   : Mapping filter: 'hiddenHttpMethodFilter' to: [/*]
2016-11-22 14:03:15.614  INFO 511 --- [localhost-startStop-1] o.s.b.w.servlet.FilterRegistrationBean   : Mapping filter: 'httpPutFormContentFilter' to: [/*]
2016-11-22 14:03:15.615  INFO 511 --- [localhost-startStop-1] o.s.b.w.servlet.FilterRegistrationBean   : Mapping filter: 'requestContextFilter' to: [/*]
2016-11-22 14:03:15.616  INFO 511 --- [localhost-startStop-1] .s.DelegatingFilterProxyRegistrationBean : Mapping filter: 'springSecurityFilterChain' to: [/*]
2016-11-22 14:03:15.617  INFO 511 --- [localhost-startStop-1] o.s.b.w.servlet.ServletRegistrationBean  : Mapping servlet: 'dispatcherServlet' to [/]
2016-11-22 14:03:15.618  INFO 511 --- [localhost-startStop-1] o.s.b.w.servlet.ServletRegistrationBean  : Mapping servlet: 'messageDispatcherServlet' to [/services/*]
2016-11-22 14:03:15.892  INFO 511 --- [main] j.LocalContainerEntityManagerFactoryBean : Building JPA container EntityManagerFactory for persistence unit 'default'
2016-11-22 14:03:15.922  INFO 511 --- [main] o.hibernate.jpa.internal.util.LogHelper  : HHH000204: Processing PersistenceUnitInfo [
	name: default
	...]
2016-11-22 14:03:16.174  INFO 511 --- [main] org.hibernate.Version                    : HHH000412: Hibernate Core {5.0.11.Final}
2016-11-22 14:03:16.177  INFO 511 --- [main] org.hibernate.cfg.Environment            : HHH000206: hibernate.properties not found
2016-11-22 14:03:16.179  INFO 511 --- [main] org.hibernate.cfg.Environment            : HHH000021: Bytecode provider name : javassist
2016-11-22 14:03:16.228  INFO 511 --- [main] o.hibernate.annotations.common.Version   : HCANN000001: Hibernate Commons Annotations {5.0.1.Final}
2016-11-22 14:03:16.811  INFO 511 --- [main] org.hibernate.dialect.Dialect            : HHH000400: Using dialect: org.hibernate.dialect.MySQL5Dialect
2016-11-22 14:03:17.684  INFO 511 --- [main] org.hibernate.tool.hbm2ddl.SchemaUpdate  : HHH000228: Running hbm2ddl schema update
2016-11-22 14:03:17.878  INFO 511 --- [main] rmationExtractorJdbcDatabaseMetaDataImpl : HHH000262: Table not found: account
2016-11-22 14:03:17.879  INFO 511 --- [main] rmationExtractorJdbcDatabaseMetaDataImpl : HHH000262: Table not found: account
2016-11-22 14:03:18.069  INFO 511 --- [main] j.LocalContainerEntityManagerFactoryBean : Initialized JPA EntityManagerFactory for persistence unit 'default'
2016-11-22 14:03:19.709  INFO 511 --- [main] o.s.s.web.DefaultSecurityFilterChain     : Creating filter chain: org.springframework.security.web.util.matcher.AnyRequestMatcher@1, [org.springframework.security.web.context.request.async.WebAsyncManagerIntegrationFilter@edbc2bf, org.springframework.security.web.context.SecurityContextPersistenceFilter@319aa9ee, org.springframework.security.web.header.HeaderWriterFilter@1a0ffb9b, org.springframework.security.web.csrf.CsrfFilter@7fc1fd31, org.springframework.security.web.authentication.logout.LogoutFilter@3350ab4, org.springframework.security.web.authentication.UsernamePasswordAuthenticationFilter@3e4f2300, org.springframework.security.web.savedrequest.RequestCacheAwareFilter@2b9d4b0, org.springframework.security.web.servletapi.SecurityContextHolderAwareRequestFilter@79c4f23b, org.springframework.security.web.authentication.AnonymousAuthenticationFilter@3e01796a, org.springframework.security.web.session.SessionManagementFilter@8549c5f, org.springframework.security.web.access.ExceptionTranslationFilter@19ac93d2, org.springframework.security.web.access.intercept.FilterSecurityInterceptor@10a0a1e]
2016-11-22 14:03:20.052  INFO 511 --- [main] s.w.s.m.m.a.RequestMappingHandlerAdapter : Looking for @ControllerAdvice: org.springframework.boot.context.embedded.AnnotationConfigEmbeddedWebApplicationContext@443118b0: startup date [Tue Nov 22 14:03:11 CST 2016]; root of context hierarchy
2016-11-22 14:03:20.157  INFO 511 --- [main] s.w.s.m.m.a.RequestMappingHandlerMapping : Mapped "{[/account],methods=[GET]}" onto public java.lang.String edu.mum.ea.controller.AccountController.accountInformation(org.springframework.ui.Model,java.lang.String,java.lang.String)
2016-11-22 14:03:20.158  INFO 511 --- [main] s.w.s.m.m.a.RequestMappingHandlerMapping : Mapped "{[/account/deposit],methods=[POST]}" onto public java.lang.String edu.mum.ea.controller.AccountController.amountDeposit(java.lang.Integer,java.lang.String,org.springframework.web.servlet.mvc.support.RedirectAttributes)
2016-11-22 14:03:20.159  INFO 511 --- [main] s.w.s.m.m.a.RequestMappingHandlerMapping : Mapped "{[/account/withdraw],methods=[POST]}" onto public java.lang.String edu.mum.ea.controller.AccountController.amountWithdraw(org.springframework.ui.Model,java.lang.Integer,java.lang.String,org.springframework.web.servlet.mvc.support.RedirectAttributes)
2016-11-22 14:03:20.160  INFO 511 --- [main] s.w.s.m.m.a.RequestMappingHandlerMapping : Mapped "{[/customer || /customer/]}" onto public java.lang.String edu.mum.ea.controller.CustomerController.listCustomer(org.springframework.ui.Model)
2016-11-22 14:03:20.160  INFO 511 --- [main] s.w.s.m.m.a.RequestMappingHandlerMapping : Mapped "{[/customer/choose]}" onto public java.lang.String edu.mum.ea.controller.CustomerController.accountChoos()
2016-11-22 14:03:20.161  INFO 511 --- [main] s.w.s.m.m.a.RequestMappingHandlerMapping : Mapped "{[/customer/request],methods=[GET]}" onto public java.lang.String edu.mum.ea.controller.CustomerController.requestAccount(java.lang.String)
2016-11-22 14:03:20.161  INFO 511 --- [main] s.w.s.m.m.a.RequestMappingHandlerMapping : Mapped "{[/customer/edit],methods=[POST]}" onto public java.lang.String edu.mum.ea.controller.CustomerController.saveEditedCustomer(edu.mum.ea.entity.Customer,org.springframework.validation.BindingResult,org.springframework.web.servlet.mvc.support.RedirectAttributes)
2016-11-22 14:03:20.162  INFO 511 --- [main] s.w.s.m.m.a.RequestMappingHandlerMapping : Mapped "{[/]}" onto public java.lang.String edu.mum.ea.controller.HomeController.add(org.springframework.ui.Model)
2016-11-22 14:03:20.162  INFO 511 --- [main] s.w.s.m.m.a.RequestMappingHandlerMapping : Mapped "{[/403],methods=[GET]}" onto public java.lang.String edu.mum.ea.controller.HomeController.accesssDenied(org.springframework.ui.Model)
2016-11-22 14:03:20.164  INFO 511 --- [main] s.w.s.m.m.a.RequestMappingHandlerMapping : Mapped "{[/staff || /staff/]}" onto public java.lang.String edu.mum.ea.controller.StaffController.staffHome(org.springframework.ui.Model,javax.servlet.http.HttpServletRequest)
2016-11-22 14:03:20.164  INFO 511 --- [main] s.w.s.m.m.a.RequestMappingHandlerMapping : Mapped "{[/staff/approval]}" onto public java.lang.String edu.mum.ea.controller.StaffController.approvalNewAccount(boolean,java.lang.String)
2016-11-22 14:03:20.165  INFO 511 --- [main] s.w.s.m.m.a.RequestMappingHandlerMapping : Mapped "{[/staff/history]}" onto public java.lang.String edu.mum.ea.controller.StaffController.history(org.springframework.ui.Model)
2016-11-22 14:03:20.165  INFO 511 --- [main] s.w.s.m.m.a.RequestMappingHandlerMapping : Mapped "{[/staff/list]}" onto public java.lang.String edu.mum.ea.controller.StaffController.editCustomer(org.springframework.ui.Model)
2016-11-22 14:03:20.165  INFO 511 --- [main] s.w.s.m.m.a.RequestMappingHandlerMapping : Mapped "{[/staff/updateUser]}" onto public java.lang.String edu.mum.ea.controller.StaffController.updatePage(java.lang.String,org.springframework.ui.Model)
2016-11-22 14:03:20.166  INFO 511 --- [main] s.w.s.m.m.a.RequestMappingHandlerMapping : Mapped "{[/staff/updateUser],methods=[POST]}" onto public java.lang.String edu.mum.ea.controller.StaffController.updateUser(edu.mum.ea.entity.Customer,org.springframework.validation.BindingResult)
2016-11-22 14:03:20.168  INFO 511 --- [main] s.w.s.m.m.a.RequestMappingHandlerMapping : Mapped "{[/login]}" onto public java.lang.String edu.mum.ea.controller.UserController.login(java.lang.String,java.lang.String,org.springframework.ui.Model,edu.mum.ea.entity.Customer)
2016-11-22 14:03:20.169  INFO 511 --- [main] s.w.s.m.m.a.RequestMappingHandlerMapping : Mapped "{[/register]}" onto public java.lang.String edu.mum.ea.controller.UserController.customerRequest(edu.mum.ea.entity.Customer)
2016-11-22 14:03:20.169  INFO 511 --- [main] s.w.s.m.m.a.RequestMappingHandlerMapping : Mapped "{[/register],methods=[POST]}" onto public java.lang.String edu.mum.ea.controller.UserController.addCustomer(edu.mum.ea.entity.Customer,org.springframework.validation.BindingResult,org.springframework.web.servlet.mvc.support.RedirectAttributes)
2016-11-22 14:03:20.170  INFO 511 --- [main] s.w.s.m.m.a.RequestMappingHandlerMapping : Mapped "{[/account/rest/ || /account/rest],methods=[GET]}" onto public java.util.List<edu.mum.ea.entity.Account> edu.mum.ea.controller.rest.AccountRestController.get()
2016-11-22 14:03:20.170  INFO 511 --- [main] s.w.s.m.m.a.RequestMappingHandlerMapping : Mapped "{[/account/rest/{id}],methods=[GET]}" onto public edu.mum.ea.entity.Account edu.mum.ea.controller.rest.AccountRestController.get(java.lang.Integer)
2016-11-22 14:03:20.172  INFO 511 --- [main] s.w.s.m.m.a.RequestMappingHandlerMapping : Mapped "{[/customer/rest/ || /customer/rest],methods=[GET]}" onto public edu.mum.ea.entity.Customer edu.mum.ea.controller.rest.CustomerRestController.get()
2016-11-22 14:03:20.173  INFO 511 --- [main] s.w.s.m.m.a.RequestMappingHandlerMapping : Mapped "{[/request/rest/{id}]}" onto public java.util.List<edu.mum.ea.entity.Request> edu.mum.ea.controller.rest.RequestRestController.findRequestByUsername(java.lang.Integer)
2016-11-22 14:03:20.179  INFO 511 --- [main] s.w.s.m.m.a.RequestMappingHandlerMapping : Mapped "{[/error]}" onto public org.springframework.http.ResponseEntity<java.util.Map<java.lang.String, java.lang.Object>> org.springframework.boot.autoconfigure.web.BasicErrorController.error(javax.servlet.http.HttpServletRequest)
2016-11-22 14:03:20.180  INFO 511 --- [main] s.w.s.m.m.a.RequestMappingHandlerMapping : Mapped "{[/error],produces=[text/html]}" onto public org.springframework.web.servlet.ModelAndView org.springframework.boot.autoconfigure.web.BasicErrorController.errorHtml(javax.servlet.http.HttpServletRequest,javax.servlet.http.HttpServletResponse)
2016-11-22 14:03:20.239  INFO 511 --- [main] o.s.w.s.handler.SimpleUrlHandlerMapping  : Mapped URL path [/webjars/**] onto handler of type [class org.springframework.web.servlet.resource.ResourceHttpRequestHandler]
2016-11-22 14:03:20.241  INFO 511 --- [main] o.s.w.s.handler.SimpleUrlHandlerMapping  : Mapped URL path [/**] onto handler of type [class org.springframework.web.servlet.resource.ResourceHttpRequestHandler]
2016-11-22 14:03:20.333  INFO 511 --- [main] o.s.w.s.handler.SimpleUrlHandlerMapping  : Mapped URL path [/**/favicon.ico] onto handler of type [class org.springframework.web.servlet.resource.ResourceHttpRequestHandler]
2016-11-22 14:03:20.999  INFO 511 --- [main] o.s.j.e.a.AnnotationMBeanExporter        : Registering beans for JMX exposure on startup
2016-11-22 14:03:21.016  INFO 511 --- [main] s.a.ScheduledAnnotationBeanPostProcessor : No TaskScheduler/ScheduledExecutorService bean found for scheduled processing
2016-11-22 14:03:21.107  INFO 511 --- [main] s.b.c.e.t.TomcatEmbeddedServletContainer : Tomcat started on port(s): 8009 (http)
2016-11-22 14:03:21.117  INFO 511 --- [main] edu.mum.ea.BankingApplication            : Started BankingApplication in 9.839 seconds (JVM running for 10.384)
2016-11-22 14:03:21.645  INFO 511 --- [http-nio-8009-exec-1] o.a.c.c.C.[Tomcat].[localhost].[/]       : Initializing Spring FrameworkServlet 'dispatcherServlet'
2016-11-22 14:03:21.646  INFO 511 --- [http-nio-8009-exec-1] o.s.web.servlet.DispatcherServlet        : FrameworkServlet 'dispatcherServlet': initialization started
2016-11-22 14:03:21.671  INFO 511 --- [http-nio-8009-exec-1] o.s.web.servlet.DispatcherServlet        : FrameworkServlet 'dispatcherServlet': initialization completed in 25 ms
2016-11-22 14:03:35.764  INFO 511 --- [http-nio-8009-exec-7] edu.mum.ea.aop.ServiceAdvice             : Starting service: edu.mum.ea.service.impl.CustomerServiceImpl.findById
2016-11-22 14:03:35.834  INFO 511 --- [http-nio-8009-exec-7] edu.mum.ea.aop.ServiceAdvice             : Finishied running service: edu.mum.ea.service.impl.CustomerServiceImpl.findById, took: 69 ms
2016-11-22 14:03:38.631  INFO 511 --- [http-nio-8009-exec-8] edu.mum.ea.aop.ServiceAdvice             : Starting service: edu.mum.ea.service.impl.CustomerServiceImpl.findById
2016-11-22 14:03:38.638  INFO 511 --- [http-nio-8009-exec-8] edu.mum.ea.aop.ServiceAdvice             : Finishied running service: edu.mum.ea.service.impl.CustomerServiceImpl.findById, took: 7 ms
2016-11-22 14:03:45.844  INFO 511 --- [http-nio-8009-exec-9] edu.mum.ea.aop.ServiceAdvice             : Starting service: edu.mum.ea.service.impl.CustomerServiceImpl.findById
2016-11-22 14:03:45.849  INFO 511 --- [http-nio-8009-exec-9] edu.mum.ea.aop.ServiceAdvice             : Finishied running service: edu.mum.ea.service.impl.CustomerServiceImpl.findById, took: 4 ms
2016-11-22 14:03:45.865  INFO 511 --- [http-nio-8009-exec-10] edu.mum.ea.aop.ServiceAdvice             : Starting service: edu.mum.ea.service.impl.CustomerServiceImpl.findById
2016-11-22 14:03:45.870  INFO 511 --- [http-nio-8009-exec-10] edu.mum.ea.aop.ServiceAdvice             : Finishied running service: edu.mum.ea.service.impl.CustomerServiceImpl.findById, took: 5 ms
2016-11-22 14:03:58.681  INFO 511 --- [http-nio-8009-exec-1] edu.mum.ea.aop.ServiceAdvice             : Starting service: edu.mum.ea.service.impl.CustomerServiceImpl.findById
2016-11-22 14:03:58.688  INFO 511 --- [http-nio-8009-exec-1] edu.mum.ea.aop.ServiceAdvice             : Finishied running service: edu.mum.ea.service.impl.CustomerServiceImpl.findById, took: 7 ms
2016-11-22 14:03:58.690  INFO 511 --- [http-nio-8009-exec-1] edu.mum.ea.aop.ServiceAdvice             : Starting service: edu.mum.ea.service.impl.AccountServiceImpl.withdraw
2016-11-22 14:03:58.709  INFO 511 --- [http-nio-8009-exec-1] edu.mum.ea.aop.ServiceAdvice             : Finishied running service: edu.mum.ea.service.impl.AccountServiceImpl.withdraw, took: 19 ms
2016-11-22 14:03:58.744  INFO 511 --- [http-nio-8009-exec-2] edu.mum.ea.aop.ServiceAdvice             : Starting service: edu.mum.ea.service.impl.CustomerServiceImpl.findById
2016-11-22 14:03:58.760  INFO 511 --- [http-nio-8009-exec-2] edu.mum.ea.aop.ServiceAdvice             : Finishied running service: edu.mum.ea.service.impl.CustomerServiceImpl.findById, took: 16 ms
2016-11-22 14:04:03.565  INFO 511 --- [http-nio-8009-exec-3] edu.mum.ea.aop.ServiceAdvice             : Starting service: edu.mum.ea.service.impl.CustomerServiceImpl.findById
2016-11-22 14:04:03.570  INFO 511 --- [http-nio-8009-exec-3] edu.mum.ea.aop.ServiceAdvice             : Finishied running service: edu.mum.ea.service.impl.CustomerServiceImpl.findById, took: 4 ms
2016-11-22 14:04:10.994  INFO 511 --- [http-nio-8009-exec-4] edu.mum.ea.aop.ServiceAdvice             : Starting service: edu.mum.ea.service.impl.CustomerServiceImpl.findById
2016-11-22 14:04:11.000  INFO 511 --- [http-nio-8009-exec-4] edu.mum.ea.aop.ServiceAdvice             : Finishied running service: edu.mum.ea.service.impl.CustomerServiceImpl.findById, took: 6 ms
2016-11-22 14:04:11.008  INFO 511 --- [http-nio-8009-exec-5] edu.mum.ea.aop.ServiceAdvice             : Starting service: edu.mum.ea.service.impl.CustomerServiceImpl.findById
2016-11-22 14:04:11.012  INFO 511 --- [http-nio-8009-exec-5] edu.mum.ea.aop.ServiceAdvice             : Finishied running service: edu.mum.ea.service.impl.CustomerServiceImpl.findById, took: 4 ms
2016-11-22 14:04:23.218  INFO 511 --- [http-nio-8009-exec-6] edu.mum.ea.aop.ServiceAdvice             : Starting service: edu.mum.ea.service.impl.CustomerServiceImpl.findById
2016-11-22 14:04:23.223  INFO 511 --- [http-nio-8009-exec-6] edu.mum.ea.aop.ServiceAdvice             : Finishied running service: edu.mum.ea.service.impl.CustomerServiceImpl.findById, took: 5 ms
2016-11-22 14:04:23.225  INFO 511 --- [http-nio-8009-exec-6] edu.mum.ea.aop.ServiceAdvice             : Starting service: edu.mum.ea.service.impl.AccountServiceImpl.deposit
2016-11-22 14:04:23.225  INFO 511 --- [http-nio-8009-exec-6] edu.mum.ea.aop.ServiceAdvice             : Finishied running service: edu.mum.ea.service.impl.AccountServiceImpl.deposit, took: 0 ms
2016-11-22 14:04:23.233  INFO 511 --- [http-nio-8009-exec-7] edu.mum.ea.aop.ServiceAdvice             : Starting service: edu.mum.ea.service.impl.CustomerServiceImpl.findById
2016-11-22 14:04:23.238  INFO 511 --- [http-nio-8009-exec-7] edu.mum.ea.aop.ServiceAdvice             : Finishied running service: edu.mum.ea.service.impl.CustomerServiceImpl.findById, took: 4 ms
2016-11-22 14:04:25.228  INFO 511 --- [http-nio-8009-exec-8] edu.mum.ea.aop.ServiceAdvice             : Starting service: edu.mum.ea.service.impl.CustomerServiceImpl.findById
2016-11-22 14:04:25.235  INFO 511 --- [http-nio-8009-exec-8] edu.mum.ea.aop.ServiceAdvice             : Finishied running service: edu.mum.ea.service.impl.CustomerServiceImpl.findById, took: 7 ms
2016-11-22 14:04:30.340  INFO 511 --- [http-nio-8009-exec-9] edu.mum.ea.aop.ServiceAdvice             : Starting service: edu.mum.ea.service.impl.CustomerServiceImpl.findById
2016-11-22 14:04:30.345  INFO 511 --- [http-nio-8009-exec-9] edu.mum.ea.aop.ServiceAdvice             : Finishied running service: edu.mum.ea.service.impl.CustomerServiceImpl.findById, took: 5 ms
2016-11-22 14:04:41.808  INFO 511 --- [http-nio-8009-exec-10] edu.mum.ea.aop.ServiceAdvice             : Starting service: edu.mum.ea.service.impl.CustomerServiceImpl.findById
2016-11-22 14:04:41.814  INFO 511 --- [http-nio-8009-exec-10] edu.mum.ea.aop.ServiceAdvice             : Finishied running service: edu.mum.ea.service.impl.CustomerServiceImpl.findById, took: 6 ms
2016-11-22 14:04:47.719  INFO 511 --- [http-nio-8009-exec-1] edu.mum.ea.aop.ServiceAdvice             : Starting service: edu.mum.ea.service.impl.CustomerServiceImpl.findById
2016-11-22 14:04:47.724  INFO 511 --- [http-nio-8009-exec-1] edu.mum.ea.aop.ServiceAdvice             : Finishied running service: edu.mum.ea.service.impl.CustomerServiceImpl.findById, took: 4 ms
2016-11-22 14:04:52.763  INFO 511 --- [http-nio-8009-exec-3] edu.mum.ea.aop.ServiceAdvice             : Starting service: edu.mum.ea.service.impl.CustomerServiceImpl.findById
2016-11-22 14:04:52.766  INFO 511 --- [http-nio-8009-exec-3] edu.mum.ea.aop.ServiceAdvice             : Finishied running service: edu.mum.ea.service.impl.CustomerServiceImpl.findById, took: 3 ms
2016-11-22 14:04:54.030  INFO 511 --- [http-nio-8009-exec-4] edu.mum.ea.aop.ServiceAdvice             : Starting service: edu.mum.ea.service.impl.CustomerServiceImpl.findById
2016-11-22 14:04:54.035  INFO 511 --- [http-nio-8009-exec-4] edu.mum.ea.aop.ServiceAdvice             : Finishied running service: edu.mum.ea.service.impl.CustomerServiceImpl.findById, took: 4 ms
2016-11-22 14:04:55.201  INFO 511 --- [http-nio-8009-exec-5] edu.mum.ea.aop.ServiceAdvice             : Starting service: edu.mum.ea.service.impl.CustomerServiceImpl.findById
2016-11-22 14:04:55.204  INFO 511 --- [http-nio-8009-exec-5] edu.mum.ea.aop.ServiceAdvice             : Finishied running service: edu.mum.ea.service.impl.CustomerServiceImpl.findById, took: 3 ms
2016-11-22 14:05:00.017  INFO 511 --- [pool-2-thread-1] o.h.h.i.QueryTranslatorFactoryInitiator  : HHH000397: Using ASTQueryTranslatorFactory
2016-11-22 14:22:20.578  INFO 511 --- [RMI TCP Connection(2)-127.0.0.1] inMXBeanRegistrar$SpringApplicationAdmin : Application shutdown requested.
2016-11-22 14:22:20.578  INFO 511 --- [RMI TCP Connection(2)-127.0.0.1] ationConfigEmbeddedWebApplicationContext : Closing org.springframework.boot.context.embedded.AnnotationConfigEmbeddedWebApplicationContext@443118b0: startup date [Tue Nov 22 14:03:11 CST 2016]; root of context hierarchy
2016-11-22 14:22:20.581  INFO 511 --- [RMI TCP Connection(2)-127.0.0.1] o.s.j.e.a.AnnotationMBeanExporter        : Unregistering JMX-exposed beans on shutdown
2016-11-22 14:22:20.587  INFO 511 --- [RMI TCP Connection(2)-127.0.0.1] j.LocalContainerEntityManagerFactoryBean : Closing JPA EntityManagerFactory for persistence unit 'default'
